<?xml version="1.0" encoding="UTF-8"?>
<!-- Generated by org.testng.reporters.JUnitReportReporter -->
<testsuite hostname="LAPTOP-I5ELMQTN" failures="0" tests="1" name="Project1.Program1" time="15.048" errors="0" timestamp="2024-08-12T16:32:50 EDT" skipped="0">
  <testcase classname="Project1.Program1" name="Login" time="15.048"/>
  <system-out/>
</testsuite> <!-- Project1.Program1 -->
